<?xml version="1.0" encoding="UTF-8"?>
<!-- Generated by org.testng.reporters.JUnitReportReporter -->
<testsuite skipped="0" hostname="LAPTOP-N3Q913SL" name="com.sit.com.sit.W3School.Test_sign" tests="8" failures="0" timestamp="2022-03-29T17:23:53 IST" time="11.684" errors="0">
  <testcase name="fnverify_sign7_w3school" time="1.574" classname="com.sit.com.sit.W3School.Test_sign"/>
  <system-out/>
  <testcase name="fnverify_sign2_w3school" time="0.055" classname="com.sit.com.sit.W3School.Test_sign"/>
  <system-out/>
  <testcase name="fnverify_sign1_w3school" time="5.169" classname="com.sit.com.sit.W3School.Test_sign"/>
  <system-out/>
  <testcase name="fnverify_sign8_w3school" time="0.053" classname="com.sit.com.sit.W3School.Test_sign"/>
  <system-out/>
  <testcase name="fnverify_sign3_w3school" time="1.610" classname="com.sit.com.sit.W3School.Test_sign"/>
  <system-out/>
  <testcase name="fnverify_sign6_w3school" time="1.575" classname="com.sit.com.sit.W3School.Test_sign"/>
  <system-out/>
  <testcase name="fnverify_sign4_w3school" time="1.579" classname="com.sit.com.sit.W3School.Test_sign"/>
  <system-out/>
  <testcase name="fnverify_sign5_w3school" time="0.069" classname="com.sit.com.sit.W3School.Test_sign"/>
  <system-out/>
</testsuite> <!-- com.sit.com.sit.W3School.Test_sign -->
