<?xml version="1.0" encoding="UTF-8"?>
<!-- Generated by org.testng.reporters.JUnitReportReporter -->
<testsuite skipped="0" hostname="LAPTOP-N3Q913SL" name="com.sit.com.sit.W3School.Test_navigation_buttons" tests="4" failures="0" timestamp="2022-03-28T12:15:02 IST" time="31.104" errors="0">
  <testcase name="fnverify_buttons_w3school" time="12.536" classname="com.sit.com.sit.W3School.Test_navigation_buttons"/>
  <system-out/>
  <testcase name="fnverify_buttons1_w3school" time="7.464" classname="com.sit.com.sit.W3School.Test_navigation_buttons"/>
  <system-out/>
  <testcase name="fnverify_buttons3_w3school" time="7.097" classname="com.sit.com.sit.W3School.Test_navigation_buttons"/>
  <system-out/>
  <testcase name="fnverify_buttons2_w3school" time="4.007" classname="com.sit.com.sit.W3School.Test_navigation_buttons"/>
  <system-out/>
</testsuite> <!-- com.sit.com.sit.W3School.Test_navigation_buttons -->
