<?xml version="1.0" encoding="UTF-8"?>
<!-- Generated by org.testng.reporters.JUnitReportReporter -->
<testsuite skipped="0" hostname="LAPTOP-N3Q913SL" name="com.sit.com.sit.W3School.Test_search" tests="2" failures="0" timestamp="2022-03-28T09:36:11 IST" time="7.444" errors="0">
  <testcase name="fnverify_search_w3school" time="4.344" classname="com.sit.com.sit.W3School.Test_search"/>
  <system-out/>
  <testcase name="fnverify_search1_w3school" time="3.100" classname="com.sit.com.sit.W3School.Test_search"/>
  <system-out/>
</testsuite> <!-- com.sit.com.sit.W3School.Test_search -->
