<?xml version="1.0" encoding="UTF-8"?>
<!-- Generated by org.testng.reporters.JUnitReportReporter -->
<testsuite skipped="0" hostname="LAPTOP-N3Q913SL" name="com.sit.com.sit.W3School.Test_terms" tests="3" failures="0" timestamp="2022-03-28T10:58:43 IST" time="9.058" errors="0">
  <testcase name="fnverify_privacy_w3school" time="2.627" classname="com.sit.com.sit.W3School.Test_terms"/>
  <system-out/>
  <testcase name="fnverify_tems_w3school" time="1.927" classname="com.sit.com.sit.W3School.Test_terms"/>
  <system-out/>
  <testcase name="fnverify_aboutlink_w3school" time="4.504" classname="com.sit.com.sit.W3School.Test_terms"/>
  <system-out/>
</testsuite> <!-- com.sit.com.sit.W3School.Test_terms -->
