<?xml version="1.0" encoding="UTF-8"?>
<!-- Generated by org.testng.reporters.JUnitReportReporter -->
<testsuite skipped="0" hostname="LAPTOP-N3Q913SL" name="com.sit.com.sit.W3School.Test_texts" tests="1" failures="0" timestamp="2022-03-28T09:28:03 IST" time="1.190" errors="0">
  <testcase name="fnverify_text_w3school" time="1.190" classname="com.sit.com.sit.W3School.Test_texts"/>
  <system-out/>
</testsuite> <!-- com.sit.com.sit.W3School.Test_texts -->
