<?xml version="1.0" encoding="UTF-8"?>
<!-- Generated by org.testng.reporters.JUnitReportReporter -->
<testsuite skipped="0" hostname="LAPTOP-N3Q913SL" name="com.sit.com.sit.W3School.Test_login" tests="4" failures="0" timestamp="2022-03-28T09:38:12 IST" time="15.676" errors="0">
  <testcase name="fnverify_log2_w3school" time="3.128" classname="com.sit.com.sit.W3School.Test_login"/>
  <system-out/>
  <testcase name="fnverify_log4_w3school" time="0.085" classname="com.sit.com.sit.W3School.Test_login"/>
  <system-out/>
  <testcase name="fnverify_log3_w3school" time="3.082" classname="com.sit.com.sit.W3School.Test_login"/>
  <system-out/>
  <testcase name="fnverify_log1_w3school" time="9.381" classname="com.sit.com.sit.W3School.Test_login"/>
  <system-out/>
</testsuite> <!-- com.sit.com.sit.W3School.Test_login -->
