<?xml version="1.0" encoding="UTF-8"?>
<!-- Generated by org.testng.reporters.JUnitReportReporter -->
<testsuite skipped="0" hostname="LAPTOP-N3Q913SL" name="com.sit.com.sit.W3School.Test_Instagram" tests="1" failures="0" timestamp="2022-03-28T09:39:07 IST" time="3.135" errors="0">
  <testcase name="fnverify_Insta_w3school" time="3.135" classname="com.sit.com.sit.W3School.Test_Instagram"/>
  <system-out/>
</testsuite> <!-- com.sit.com.sit.W3School.Test_Instagram -->
