<?xml version="1.0" encoding="UTF-8"?>
<!-- Generated by org.testng.reporters.JUnitReportReporter -->
<testsuite skipped="0" hostname="LAPTOP-N3Q913SL" name="com.sit.com.sit.W3School.Test_coloure_conversion" tests="1" failures="0" timestamp="2022-03-28T19:03:19 IST" time="6.255" errors="0">
  <testcase name="fnverify_mode_convert_w3school" time="6.255" classname="com.sit.com.sit.W3School.Test_coloure_conversion"/>
  <system-out/>
</testsuite> <!-- com.sit.com.sit.W3School.Test_coloure_conversion -->
