<?xml version="1.0" encoding="UTF-8"?>
<!-- Generated by org.testng.reporters.JUnitReportReporter -->
<testsuite skipped="0" hostname="LAPTOP-N3Q913SL" name="com.sit.com.sit.W3School.Test_tutorilas_bar" tests="2" failures="0" timestamp="2022-03-28T09:29:40 IST" time="13.726" errors="0">
  <testcase name="fnverify_tutorials2_w3school" time="7.341" classname="com.sit.com.sit.W3School.Test_tutorilas_bar"/>
  <system-out/>
  <testcase name="fnverify_tutorials1_w3school" time="6.385" classname="com.sit.com.sit.W3School.Test_tutorilas_bar"/>
  <system-out/>
</testsuite> <!-- com.sit.com.sit.W3School.Test_tutorilas_bar -->
