<?xml version="1.0" encoding="UTF-8"?>
<!-- Generated by org.testng.reporters.JUnitReportReporter -->
<testsuite skipped="0" hostname="LAPTOP-N3Q913SL" name="com.sit.com.sit.W3School.Test_logs" tests="1" failures="0" timestamp="2022-03-29T19:36:23 IST" time="6.427" errors="0">
  <testcase name="fnverify_logos_w3school" time="6.427" classname="com.sit.com.sit.W3School.Test_logs"/>
  <system-out/>
</testsuite> <!-- com.sit.com.sit.W3School.Test_logs -->
