<?xml version="1.0" encoding="UTF-8"?>
<!-- Generated by org.testng.reporters.JUnitReportReporter -->
<testsuite skipped="0" hostname="LAPTOP-N3Q913SL" name="com.sit.com.sit.W3School.Test_lang" tests="2" failures="0" timestamp="2022-03-29T09:37:13 IST" time="7.945" errors="0">
  <testcase name="fnverify_lang_w3school" time="3.061" classname="com.sit.com.sit.W3School.Test_lang"/>
  <system-out/>
  <testcase name="fnverify_lang1_w3school" time="4.884" classname="com.sit.com.sit.W3School.Test_lang"/>
  <system-out/>
</testsuite> <!-- com.sit.com.sit.W3School.Test_lang -->
